This file contains any messages produced by compilers while
running configure, to aid debugging if configure makes a mistake.

It was created by darshan-runtime configure 3.1.8, which was
generated by GNU Autoconf 2.69.  Invocation command line was

  $ ./configure --prefix=/homes/csl782/dpc/DARSHAN/3.1.8 --enable-group-readable-logs --with-mem-align=8 --with-log-path=/homes/csl782/dpc/darshan-logs --with-jobid-env=PBS_JOBID CC=mpicc

## --------- ##
## Platform. ##
## --------- ##

hostname = acfs2.ece.northwestern.edu
uname -m = x86_64
uname -r = 2.6.32-696.10.3.el6.x86_64
uname -s = Linux
uname -v = #1 SMP Thu Sep 21 12:12:50 EDT 2017

/usr/bin/uname -p = unknown
/bin/uname -X     = unknown

/bin/arch              = x86_64
/usr/bin/arch -k       = unknown
/usr/convex/getsysinfo = unknown
/usr/bin/hostinfo      = unknown
/bin/machine           = unknown
/usr/bin/oslevel       = unknown
/bin/universe          = unknown

PATH: /homes/csl782/AUTOCONF/2.69/bin
PATH: /homes/csl782/MPICH/3.3.1/bin
PATH: /homes/csl782/HDF5/1.10.5/bin
PATH: /homes/csl782/TAU/2.29/x86_64/bin
PATH: /homes/csl782/DARSHAN/3.1.8/bin
PATH: /usr/local/sbin
PATH: /usr/local/bin
PATH: /usr/sbin
PATH: /usr/bin
PATH: /sbin
PATH: /bin


## ----------- ##
## Core tests. ##
## ----------- ##

configure:2193: checking for a BSD-compatible install
configure:2261: result: /usr/bin/install -c
configure:2273: checking whether the mpicc compiler works
configure:2323: checking for gcc
configure:2350: result: mpicc
configure:2579: checking for C compiler version
configure:2588: mpicc --version >&5
gcc (GCC) 4.4.7 20120313 (Red Hat 4.4.7-23)
Copyright (C) 2010 Free Software Foundation, Inc.
This is free software; see the source for copying conditions.  There is NO
warranty; not even for MERCHANTABILITY or FITNESS FOR A PARTICULAR PURPOSE.

configure:2599: $? = 0
configure:2588: mpicc -v >&5
mpicc for MPICH version 3.3.1
Using built-in specs.
Target: x86_64-redhat-linux
Configured with: ../configure --prefix=/usr --mandir=/usr/share/man --infodir=/usr/share/info --with-bugurl=http://bugzilla.redhat.com/bugzilla --enable-bootstrap --enable-shared --enable-threads=posix --enable-checking=release --with-system-zlib --enable-__cxa_atexit --disable-libunwind-exceptions --enable-gnu-unique-object --enable-languages=c,c++,objc,obj-c++,java,fortran,ada --enable-java-awt=gtk --disable-dssi --with-java-home=/usr/lib/jvm/java-1.5.0-gcj-1.5.0.0/jre --enable-libgcj-multifile --enable-java-maintainer-mode --with-ecj-jar=/usr/share/java/eclipse-ecj.jar --disable-libjava-multilib --with-ppl --with-cloog --with-tune=generic --with-arch_32=i686 --build=x86_64-redhat-linux
Thread model: posix
gcc version 4.4.7 20120313 (Red Hat 4.4.7-23) (GCC) 
configure:2599: $? = 0
configure:2588: mpicc -V >&5
gcc: '-V' must come at the start of the command line
configure:2599: $? = 1
configure:2588: mpicc -qversion >&5
gcc: unrecognized option '-qversion'
/usr/lib/gcc/x86_64-redhat-linux/4.4.7/../../../../lib64/crt1.o: In function `_start':
(.text+0x20): undefined reference to `main'
collect2: ld returned 1 exit status
configure:2599: $? = 1
configure:2619: checking whether the C compiler works
configure:2641: mpicc    conftest.c  >&5
configure:2645: $? = 0
configure:2693: result: yes
configure:2696: checking for C compiler default output file name
configure:2698: result: a.out
configure:2704: checking for suffix of executables
configure:2711: mpicc -o conftest    conftest.c  >&5
configure:2715: $? = 0
configure:2737: result: 
configure:2759: checking whether we are cross compiling
configure:2767: mpicc -o conftest    conftest.c  >&5
configure:2771: $? = 0
configure:2778: ./conftest
configure:2782: $? = 0
configure:2797: result: no
configure:2802: checking for suffix of object files
configure:2824: mpicc -c   conftest.c >&5
configure:2828: $? = 0
configure:2849: result: o
configure:2853: checking whether we are using the GNU C compiler
configure:2872: mpicc -c   conftest.c >&5
configure:2872: $? = 0
configure:2881: result: yes
configure:2890: checking whether mpicc accepts -g
configure:2910: mpicc -c -g  conftest.c >&5
configure:2910: $? = 0
configure:2951: result: yes
configure:2968: checking for mpicc option to accept ISO C89
configure:3031: mpicc  -c -g -O2  conftest.c >&5
configure:3031: $? = 0
configure:3044: result: none needed
configure:3076: mpicc -c -g -O2  conftest.c >&5
configure:3076: $? = 0
configure:3077: result: yes
configure:3092: checking how to run the C preprocessor
configure:3123: mpicc -E  conftest.c
configure:3123: $? = 0
configure:3137: mpicc -E  conftest.c
conftest.c:9:28: error: ac_nonexistent.h: No such file or directory
configure:3137: $? = 1
configure: failed program was:
| /* confdefs.h */
| #define PACKAGE_NAME "darshan-runtime"
| #define PACKAGE_TARNAME "darshan-runtime"
| #define PACKAGE_VERSION "3.1.8"
| #define PACKAGE_STRING "darshan-runtime 3.1.8"
| #define PACKAGE_BUGREPORT ""
| #define PACKAGE_URL ""
| /* end confdefs.h.  */
| #include <ac_nonexistent.h>
configure:3162: result: mpicc -E
configure:3182: mpicc -E  conftest.c
configure:3182: $? = 0
configure:3196: mpicc -E  conftest.c
conftest.c:9:28: error: ac_nonexistent.h: No such file or directory
configure:3196: $? = 1
configure: failed program was:
| /* confdefs.h */
| #define PACKAGE_NAME "darshan-runtime"
| #define PACKAGE_TARNAME "darshan-runtime"
| #define PACKAGE_VERSION "3.1.8"
| #define PACKAGE_STRING "darshan-runtime 3.1.8"
| #define PACKAGE_BUGREPORT ""
| #define PACKAGE_URL ""
| /* end confdefs.h.  */
| #include <ac_nonexistent.h>
configure:3225: checking for grep that handles long lines and -e
configure:3283: result: /bin/grep
configure:3288: checking for egrep
configure:3350: result: /bin/grep -E
configure:3355: checking for ANSI C header files
configure:3375: mpicc -c -g -O2  conftest.c >&5
configure:3375: $? = 0
configure:3448: mpicc -o conftest -g -O2   conftest.c  >&5
configure:3448: $? = 0
configure:3448: ./conftest
configure:3448: $? = 0
configure:3459: result: yes
configure:3472: checking for sys/types.h
configure:3472: mpicc -c -g -O2  conftest.c >&5
configure:3472: $? = 0
configure:3472: result: yes
configure:3472: checking for sys/stat.h
configure:3472: mpicc -c -g -O2  conftest.c >&5
configure:3472: $? = 0
configure:3472: result: yes
configure:3472: checking for stdlib.h
configure:3472: mpicc -c -g -O2  conftest.c >&5
configure:3472: $? = 0
configure:3472: result: yes
configure:3472: checking for string.h
configure:3472: mpicc -c -g -O2  conftest.c >&5
configure:3472: $? = 0
configure:3472: result: yes
configure:3472: checking for memory.h
configure:3472: mpicc -c -g -O2  conftest.c >&5
configure:3472: $? = 0
configure:3472: result: yes
configure:3472: checking for strings.h
configure:3472: mpicc -c -g -O2  conftest.c >&5
configure:3472: $? = 0
configure:3472: result: yes
configure:3472: checking for inttypes.h
configure:3472: mpicc -c -g -O2  conftest.c >&5
configure:3472: $? = 0
configure:3472: result: yes
configure:3472: checking for stdint.h
configure:3472: mpicc -c -g -O2  conftest.c >&5
configure:3472: $? = 0
configure:3472: result: yes
configure:3472: checking for unistd.h
configure:3472: mpicc -c -g -O2  conftest.c >&5
configure:3472: $? = 0
configure:3472: result: yes
configure:3507: checking zlib.h usability
configure:3507: mpicc -c -g -O2  conftest.c >&5
configure:3507: $? = 0
configure:3507: result: yes
configure:3507: checking zlib.h presence
configure:3507: mpicc -E  conftest.c
configure:3507: $? = 0
configure:3507: result: yes
configure:3507: checking for zlib.h
configure:3507: result: yes
configure:3515: checking for inflateEnd in -lz
configure:3540: mpicc -o conftest -g -O2   conftest.c -lz   >&5
configure:3540: $? = 0
configure:3549: result: yes
configure:3735: checking for BG/Q environment
configure:3752: mpicc -c -g -O2  conftest.c >&5
conftest.c:26:10: error: #error __bgq__ not set
configure:3752: $? = 1
configure: failed program was:
| /* confdefs.h */
| #define PACKAGE_NAME "darshan-runtime"
| #define PACKAGE_TARNAME "darshan-runtime"
| #define PACKAGE_VERSION "3.1.8"
| #define PACKAGE_STRING "darshan-runtime 3.1.8"
| #define PACKAGE_BUGREPORT ""
| #define PACKAGE_URL ""
| #define STDC_HEADERS 1
| #define HAVE_SYS_TYPES_H 1
| #define HAVE_SYS_STAT_H 1
| #define HAVE_STDLIB_H 1
| #define HAVE_STRING_H 1
| #define HAVE_MEMORY_H 1
| #define HAVE_STRINGS_H 1
| #define HAVE_INTTYPES_H 1
| #define HAVE_STDINT_H 1
| #define HAVE_UNISTD_H 1
| #define HAVE_LIBZ 1
| #define __DARSHAN_GROUP_READABLE_LOGS 1
| #define __DARSHAN_MEM_ALIGNMENT 8
| #define __DARSHAN_LOG_PATH "/homes/csl782/dpc/darshan-logs"
| #define __DARSHAN_JOBID "PBS_JOBID"
| /* end confdefs.h.  */
| 
|         #ifndef __bgq__
|         #error __bgq__ not set
|         #endif
| 
| int
| main ()
| {
| 
|   ;
|   return 0;
| }
configure:3757: result: no
configure:3768: checking lustre/lustre_user.h usability
configure:3768: mpicc -c -g -O2  conftest.c >&5
conftest.c:57:32: error: lustre/lustre_user.h: No such file or directory
configure:3768: $? = 1
configure: failed program was:
| /* confdefs.h */
| #define PACKAGE_NAME "darshan-runtime"
| #define PACKAGE_TARNAME "darshan-runtime"
| #define PACKAGE_VERSION "3.1.8"
| #define PACKAGE_STRING "darshan-runtime 3.1.8"
| #define PACKAGE_BUGREPORT ""
| #define PACKAGE_URL ""
| #define STDC_HEADERS 1
| #define HAVE_SYS_TYPES_H 1
| #define HAVE_SYS_STAT_H 1
| #define HAVE_STDLIB_H 1
| #define HAVE_STRING_H 1
| #define HAVE_MEMORY_H 1
| #define HAVE_STRINGS_H 1
| #define HAVE_INTTYPES_H 1
| #define HAVE_STDINT_H 1
| #define HAVE_UNISTD_H 1
| #define HAVE_LIBZ 1
| #define __DARSHAN_GROUP_READABLE_LOGS 1
| #define __DARSHAN_MEM_ALIGNMENT 8
| #define __DARSHAN_LOG_PATH "/homes/csl782/dpc/darshan-logs"
| #define __DARSHAN_JOBID "PBS_JOBID"
| /* end confdefs.h.  */
| #include <stdio.h>
| #ifdef HAVE_SYS_TYPES_H
| # include <sys/types.h>
| #endif
| #ifdef HAVE_SYS_STAT_H
| # include <sys/stat.h>
| #endif
| #ifdef STDC_HEADERS
| # include <stdlib.h>
| # include <stddef.h>
| #else
| # ifdef HAVE_STDLIB_H
| #  include <stdlib.h>
| # endif
| #endif
| #ifdef HAVE_STRING_H
| # if !defined STDC_HEADERS && defined HAVE_MEMORY_H
| #  include <memory.h>
| # endif
| # include <string.h>
| #endif
| #ifdef HAVE_STRINGS_H
| # include <strings.h>
| #endif
| #ifdef HAVE_INTTYPES_H
| # include <inttypes.h>
| #endif
| #ifdef HAVE_STDINT_H
| # include <stdint.h>
| #endif
| #ifdef HAVE_UNISTD_H
| # include <unistd.h>
| #endif
| #include <lustre/lustre_user.h>
configure:3768: result: no
configure:3768: checking lustre/lustre_user.h presence
configure:3768: mpicc -E  conftest.c
conftest.c:24:32: error: lustre/lustre_user.h: No such file or directory
configure:3768: $? = 1
configure: failed program was:
| /* confdefs.h */
| #define PACKAGE_NAME "darshan-runtime"
| #define PACKAGE_TARNAME "darshan-runtime"
| #define PACKAGE_VERSION "3.1.8"
| #define PACKAGE_STRING "darshan-runtime 3.1.8"
| #define PACKAGE_BUGREPORT ""
| #define PACKAGE_URL ""
| #define STDC_HEADERS 1
| #define HAVE_SYS_TYPES_H 1
| #define HAVE_SYS_STAT_H 1
| #define HAVE_STDLIB_H 1
| #define HAVE_STRING_H 1
| #define HAVE_MEMORY_H 1
| #define HAVE_STRINGS_H 1
| #define HAVE_INTTYPES_H 1
| #define HAVE_STDINT_H 1
| #define HAVE_UNISTD_H 1
| #define HAVE_LIBZ 1
| #define __DARSHAN_GROUP_READABLE_LOGS 1
| #define __DARSHAN_MEM_ALIGNMENT 8
| #define __DARSHAN_LOG_PATH "/homes/csl782/dpc/darshan-logs"
| #define __DARSHAN_JOBID "PBS_JOBID"
| /* end confdefs.h.  */
| #include <lustre/lustre_user.h>
configure:3768: result: no
configure:3768: checking for lustre/lustre_user.h
configure:3768: result: no
configure:3803: checking for inttypes.h
configure:3803: result: yes
configure:3814: checking whether the inttypes.h PRIxNN macros are broken
configure:3835: mpicc -c -g -O2  conftest.c >&5
configure:3835: $? = 0
configure:3843: result: no
configure:3863: checking for inttypes.h
configure:3863: result: yes
configure:3877: checking whether byte ordering is bigendian
configure:3892: mpicc -c -g -O2  conftest.c >&5
conftest.c:28: error: expected '=', ',', ';', 'asm' or '__attribute__' before 'a'
configure:3892: $? = 1
configure: failed program was:
| /* confdefs.h */
| #define PACKAGE_NAME "darshan-runtime"
| #define PACKAGE_TARNAME "darshan-runtime"
| #define PACKAGE_VERSION "3.1.8"
| #define PACKAGE_STRING "darshan-runtime 3.1.8"
| #define PACKAGE_BUGREPORT ""
| #define PACKAGE_URL ""
| #define STDC_HEADERS 1
| #define HAVE_SYS_TYPES_H 1
| #define HAVE_SYS_STAT_H 1
| #define HAVE_STDLIB_H 1
| #define HAVE_STRING_H 1
| #define HAVE_MEMORY_H 1
| #define HAVE_STRINGS_H 1
| #define HAVE_INTTYPES_H 1
| #define HAVE_STDINT_H 1
| #define HAVE_UNISTD_H 1
| #define HAVE_LIBZ 1
| #define __DARSHAN_GROUP_READABLE_LOGS 1
| #define __DARSHAN_MEM_ALIGNMENT 8
| #define __DARSHAN_LOG_PATH "/homes/csl782/dpc/darshan-logs"
| #define __DARSHAN_JOBID "PBS_JOBID"
| #define __DARSHAN_LOG_HINTS "romio_no_indep_rw=true;cb_nodes=4"
| #define HAVE_INTTYPES_H 1
| #define HAVE_INTTYPES_H 1
| /* end confdefs.h.  */
| #ifndef __APPLE_CC__
| 	       not a universal capable compiler
| 	     #endif
| 	     typedef int dummy;
| 
configure:3937: mpicc -c -g -O2  conftest.c >&5
configure:3937: $? = 0
configure:3955: mpicc -c -g -O2  conftest.c >&5
conftest.c: In function 'main':
conftest.c:34: error: 'not' undeclared (first use in this function)
conftest.c:34: error: (Each undeclared identifier is reported only once
conftest.c:34: error: for each function it appears in.)
conftest.c:34: error: expected ';' before 'big'
configure:3955: $? = 1
configure: failed program was:
| /* confdefs.h */
| #define PACKAGE_NAME "darshan-runtime"
| #define PACKAGE_TARNAME "darshan-runtime"
| #define PACKAGE_VERSION "3.1.8"
| #define PACKAGE_STRING "darshan-runtime 3.1.8"
| #define PACKAGE_BUGREPORT ""
| #define PACKAGE_URL ""
| #define STDC_HEADERS 1
| #define HAVE_SYS_TYPES_H 1
| #define HAVE_SYS_STAT_H 1
| #define HAVE_STDLIB_H 1
| #define HAVE_STRING_H 1
| #define HAVE_MEMORY_H 1
| #define HAVE_STRINGS_H 1
| #define HAVE_INTTYPES_H 1
| #define HAVE_STDINT_H 1
| #define HAVE_UNISTD_H 1
| #define HAVE_LIBZ 1
| #define __DARSHAN_GROUP_READABLE_LOGS 1
| #define __DARSHAN_MEM_ALIGNMENT 8
| #define __DARSHAN_LOG_PATH "/homes/csl782/dpc/darshan-logs"
| #define __DARSHAN_JOBID "PBS_JOBID"
| #define __DARSHAN_LOG_HINTS "romio_no_indep_rw=true;cb_nodes=4"
| #define HAVE_INTTYPES_H 1
| #define HAVE_INTTYPES_H 1
| /* end confdefs.h.  */
| #include <sys/types.h>
| 		#include <sys/param.h>
| 
| int
| main ()
| {
| #if BYTE_ORDER != BIG_ENDIAN
| 		 not big endian
| 		#endif
| 
|   ;
|   return 0;
| }
configure:4083: result: no
configure:4104: checking for struct aiocb64
configure:4119: mpicc -c -g -O2 -D_FILE_OFFSET_BITS=64 -D_LARGEFILE64_SOURCE  conftest.c >&5
configure:4119: $? = 0
configure:4120: result: yes
configure:4135: checking for off64_t
configure:4164: mpicc -c -g -O2 -D_FILE_OFFSET_BITS=64 -D_LARGEFILE64_SOURCE  conftest.c >&5
configure:4164: $? = 0
configure:4165: result: yes
configure:4181: checking mntent.h usability
configure:4181: mpicc -c -g -O2  conftest.c >&5
configure:4181: $? = 0
configure:4181: result: yes
configure:4181: checking mntent.h presence
configure:4181: mpicc -E  conftest.c
configure:4181: $? = 0
configure:4181: result: yes
configure:4181: checking for mntent.h
configure:4181: result: yes
configure:4181: checking sys/mount.h usability
configure:4181: mpicc -c -g -O2  conftest.c >&5
configure:4181: $? = 0
configure:4181: result: yes
configure:4181: checking sys/mount.h presence
configure:4181: mpicc -E  conftest.c
configure:4181: $? = 0
configure:4181: result: yes
configure:4181: checking for sys/mount.h
configure:4181: result: yes
configure:4271: checking for MPI-IO support in MPI
configure:4291: mpicc -o conftest -g -O2   conftest.c -lz  >&5
configure:4291: $? = 0
configure:4292: result: yes
configure:4304: checking for MPI-IO prototypes without const qualifier
configure:4322: mpicc -c -g -O2  conftest.c >&5
conftest.c:33: error: conflicting types for 'MPI_File_open'
/homes/csl782/MPICH/3.3.1/include/mpio.h:139: note: previous declaration of 'MPI_File_open' was here
configure:4322: $? = 1
configure: failed program was:
| /* confdefs.h */
| #define PACKAGE_NAME "darshan-runtime"
| #define PACKAGE_TARNAME "darshan-runtime"
| #define PACKAGE_VERSION "3.1.8"
| #define PACKAGE_STRING "darshan-runtime 3.1.8"
| #define PACKAGE_BUGREPORT ""
| #define PACKAGE_URL ""
| #define STDC_HEADERS 1
| #define HAVE_SYS_TYPES_H 1
| #define HAVE_SYS_STAT_H 1
| #define HAVE_STDLIB_H 1
| #define HAVE_STRING_H 1
| #define HAVE_MEMORY_H 1
| #define HAVE_STRINGS_H 1
| #define HAVE_INTTYPES_H 1
| #define HAVE_STDINT_H 1
| #define HAVE_UNISTD_H 1
| #define HAVE_LIBZ 1
| #define __DARSHAN_GROUP_READABLE_LOGS 1
| #define __DARSHAN_MEM_ALIGNMENT 8
| #define __DARSHAN_LOG_PATH "/homes/csl782/dpc/darshan-logs"
| #define __DARSHAN_JOBID "PBS_JOBID"
| #define __DARSHAN_LOG_HINTS "romio_no_indep_rw=true;cb_nodes=4"
| #define HAVE_INTTYPES_H 1
| #define HAVE_INTTYPES_H 1
| #define HAVE_AIOCB64 1
| #define HAVE_OFF64_T 1
| #define HAVE_MNTENT_H 1
| #define HAVE_SYS_MOUNT_H 1
| /* end confdefs.h.  */
| 
|     #include <mpi.h>
|     int MPI_File_open(MPI_Comm comm, char *filename, int amode,
|         MPI_Info info, MPI_File *fh)
|         {return 0;}
| 
| int
| main ()
| {
| 
|   ;
|   return 0;
| }
configure:4326: result: no
configure:4331: checking for MPI-IO prototypes with const qualifier
configure:4349: mpicc -c -g -O2  conftest.c >&5
configure:4349: $? = 0
configure:4350: result: yes
configure:4366: checking for shared libraries in MPI
configure:4382: mpicc -o conftest -g -O2 -shared -fpic -DPIC   conftest.c -lz  -ldl >&5
configure:4382: $? = 0
configure:4383: result: yes
configure:4403: checking for MPIO_Request
configure:4403: mpicc -c -g -O2  conftest.c >&5
configure:4403: $? = 0
configure:4403: mpicc -c -g -O2  conftest.c >&5
conftest.c: In function 'main':
conftest.c:37: error: expected expression before ')' token
configure:4403: $? = 1
configure: failed program was:
| /* confdefs.h */
| #define PACKAGE_NAME "darshan-runtime"
| #define PACKAGE_TARNAME "darshan-runtime"
| #define PACKAGE_VERSION "3.1.8"
| #define PACKAGE_STRING "darshan-runtime 3.1.8"
| #define PACKAGE_BUGREPORT ""
| #define PACKAGE_URL ""
| #define STDC_HEADERS 1
| #define HAVE_SYS_TYPES_H 1
| #define HAVE_SYS_STAT_H 1
| #define HAVE_STDLIB_H 1
| #define HAVE_STRING_H 1
| #define HAVE_MEMORY_H 1
| #define HAVE_STRINGS_H 1
| #define HAVE_INTTYPES_H 1
| #define HAVE_STDINT_H 1
| #define HAVE_UNISTD_H 1
| #define HAVE_LIBZ 1
| #define __DARSHAN_GROUP_READABLE_LOGS 1
| #define __DARSHAN_MEM_ALIGNMENT 8
| #define __DARSHAN_LOG_PATH "/homes/csl782/dpc/darshan-logs"
| #define __DARSHAN_JOBID "PBS_JOBID"
| #define __DARSHAN_LOG_HINTS "romio_no_indep_rw=true;cb_nodes=4"
| #define HAVE_INTTYPES_H 1
| #define HAVE_INTTYPES_H 1
| #define HAVE_AIOCB64 1
| #define HAVE_OFF64_T 1
| #define HAVE_MNTENT_H 1
| #define HAVE_SYS_MOUNT_H 1
| #define HAVE_MPIIO_CONST 1
| /* end confdefs.h.  */
| #include <mpi.h>
| 
| int
| main ()
| {
| if (sizeof ((MPIO_Request)))
| 	    return 0;
|   ;
|   return 0;
| }
configure:4403: result: yes
configure:4420: checking for old (pre-3.1.1) style MPICH library naming convention
configure:4427: result: no
configure:4567: creating ./config.status

## ---------------------- ##
## Running config.status. ##
## ---------------------- ##

This file was extended by darshan-runtime config.status 3.1.8, which was
generated by GNU Autoconf 2.69.  Invocation command line was

  CONFIG_FILES    = 
  CONFIG_HEADERS  = 
  CONFIG_LINKS    = 
  CONFIG_COMMANDS = 
  $ ./config.status 

on acfs2.ece.northwestern.edu

config.status:846: creating Makefile
config.status:846: creating darshan-mk-log-dirs.pl
config.status:846: creating darshan-gen-cc.pl
config.status:846: creating darshan-gen-cxx.pl
config.status:846: creating darshan-gen-fortran.pl
config.status:846: creating darshan-config
config.status:846: creating share/craype-1.x/darshan-module
config.status:846: creating share/craype-2.x/darshan-module
config.status:846: creating lib/pkgconfig/darshan-runtime.pc
config.status:846: creating share/mpi-profile/darshan-cc.conf
config.status:846: creating share/mpi-profile/darshan-cxx.conf
config.status:846: creating share/mpi-profile/darshan-f.conf
config.status:846: creating share/mpi-profile/darshan-bg-cc.conf
config.status:846: creating share/mpi-profile/darshan-bg-cxx.conf
config.status:846: creating share/mpi-profile/darshan-bg-f.conf
config.status:846: creating share/ld-opts/darshan-base-ld-opts
config.status:846: creating darshan-runtime-config.h

## ---------------- ##
## Cache variables. ##
## ---------------- ##

ac_cv_c_bigendian=no
ac_cv_c_compiler_gnu=yes
ac_cv_env_CC_set=set
ac_cv_env_CC_value=mpicc
ac_cv_env_CFLAGS_set=
ac_cv_env_CFLAGS_value=
ac_cv_env_CPPFLAGS_set=
ac_cv_env_CPPFLAGS_value=
ac_cv_env_CPP_set=
ac_cv_env_CPP_value=
ac_cv_env_LDFLAGS_set=
ac_cv_env_LDFLAGS_value=
ac_cv_env_LIBS_set=
ac_cv_env_LIBS_value=
ac_cv_env_build_alias_set=
ac_cv_env_build_alias_value=
ac_cv_env_host_alias_set=
ac_cv_env_host_alias_value=
ac_cv_env_target_alias_set=
ac_cv_env_target_alias_value=
ac_cv_header_inttypes_h=yes
ac_cv_header_lustre_lustre_user_h=no
ac_cv_header_memory_h=yes
ac_cv_header_mntent_h=yes
ac_cv_header_stdc=yes
ac_cv_header_stdint_h=yes
ac_cv_header_stdlib_h=yes
ac_cv_header_string_h=yes
ac_cv_header_strings_h=yes
ac_cv_header_sys_mount_h=yes
ac_cv_header_sys_stat_h=yes
ac_cv_header_sys_types_h=yes
ac_cv_header_unistd_h=yes
ac_cv_header_zlib_h=yes
ac_cv_lib_z_inflateEnd=yes
ac_cv_objext=o
ac_cv_path_EGREP='/bin/grep -E'
ac_cv_path_GREP=/bin/grep
ac_cv_path_install='/usr/bin/install -c'
ac_cv_prog_CPP='mpicc -E'
ac_cv_prog_ac_ct_CC=mpicc
ac_cv_prog_cc_c89=
ac_cv_prog_cc_g=yes
ac_cv_type_MPIO_Request=yes
gt_cv_inttypes_pri_broken=no

## ----------------- ##
## Output variables. ##
## ----------------- ##

BUILD_HDF5_MODULE=''
BUILD_MDHIM_MODULE=''
CC='mpicc'
CFLAGS='-g -O2'
CPP='mpicc -E'
CPPFLAGS=''
DARSHAN_HDF5_LD_OPTS=''
DARSHAN_MDHIM_LD_OPTS=''
DARSHAN_USE_BGQ=''
DARSHAN_USE_LUSTRE=''
DARSHAN_VERSION='3.1.8'
DEFS='-DHAVE_CONFIG_H'
DISABLE_LDPRELOAD=''
ECHO_C=''
ECHO_N='-n'
ECHO_T=''
EGREP='/bin/grep -E'
ENABLE_MMAP_LOGS=''
EXEEXT=''
GREP='/bin/grep'
INSTALL_DATA='${INSTALL} -m 644'
INSTALL_PROGRAM='${INSTALL}'
INSTALL_SCRIPT='${INSTALL}'
LDFLAGS=''
LIBOBJS=''
LIBS='-lz '
LTLIBOBJS=''
MPICH_LIB_OLD='0'
OBJEXT='o'
PACKAGE_BUGREPORT=''
PACKAGE_NAME='darshan-runtime'
PACKAGE_STRING='darshan-runtime 3.1.8'
PACKAGE_TARNAME='darshan-runtime'
PACKAGE_URL=''
PACKAGE_VERSION='3.1.8'
PATH_SEPARATOR=':'
PRI_MACROS_BROKEN='0'
SHELL='/bin/sh'
__DARSHAN_LOG_PATH='/homes/csl782/dpc/darshan-logs'
ac_ct_CC='mpicc'
bindir='${exec_prefix}/bin'
build_alias=''
darshan_lib_path='/homes/csl782/dpc/DARSHAN/3.1.8/lib'
darshan_share_path='/homes/csl782/dpc/DARSHAN/3.1.8/share'
datadir='${datarootdir}'
datarootdir='${prefix}/share'
docdir='${datarootdir}/doc/${PACKAGE_TARNAME}'
dvidir='${docdir}'
exec_prefix='${prefix}'
host_alias=''
htmldir='${docdir}'
includedir='${prefix}/include'
infodir='${datarootdir}/info'
libdir='${exec_prefix}/lib'
libexecdir='${exec_prefix}/libexec'
localedir='${datarootdir}/locale'
localstatedir='${prefix}/var'
mandir='${datarootdir}/man'
oldincludedir='/usr/include'
pdfdir='${docdir}'
prefix='/homes/csl782/dpc/DARSHAN/3.1.8'
program_transform_name='s,x,x,'
psdir='${docdir}'
runstatedir='${localstatedir}/run'
sbindir='${exec_prefix}/sbin'
sharedstatedir='${prefix}/com'
sysconfdir='${prefix}/etc'
target_alias=''

## ----------- ##
## confdefs.h. ##
## ----------- ##

/* confdefs.h */
#define PACKAGE_NAME "darshan-runtime"
#define PACKAGE_TARNAME "darshan-runtime"
#define PACKAGE_VERSION "3.1.8"
#define PACKAGE_STRING "darshan-runtime 3.1.8"
#define PACKAGE_BUGREPORT ""
#define PACKAGE_URL ""
#define STDC_HEADERS 1
#define HAVE_SYS_TYPES_H 1
#define HAVE_SYS_STAT_H 1
#define HAVE_STDLIB_H 1
#define HAVE_STRING_H 1
#define HAVE_MEMORY_H 1
#define HAVE_STRINGS_H 1
#define HAVE_INTTYPES_H 1
#define HAVE_STDINT_H 1
#define HAVE_UNISTD_H 1
#define HAVE_LIBZ 1
#define __DARSHAN_GROUP_READABLE_LOGS 1
#define __DARSHAN_MEM_ALIGNMENT 8
#define __DARSHAN_LOG_PATH "/homes/csl782/dpc/darshan-logs"
#define __DARSHAN_JOBID "PBS_JOBID"
#define __DARSHAN_LOG_HINTS "romio_no_indep_rw=true;cb_nodes=4"
#define HAVE_INTTYPES_H 1
#define HAVE_INTTYPES_H 1
#define HAVE_AIOCB64 1
#define HAVE_OFF64_T 1
#define HAVE_MNTENT_H 1
#define HAVE_SYS_MOUNT_H 1
#define HAVE_MPIIO_CONST 1
#define __D_MPI_REQUEST MPIO_Request

configure: exit 0
