This file contains any messages produced by compilers while
running configure, to aid debugging if configure makes a mistake.

It was created by darshan-util configure 3.1.8, which was
generated by GNU Autoconf 2.69.  Invocation command line was

  $ ./configure 

## --------- ##
## Platform. ##
## --------- ##

hostname = acfs2.ece.northwestern.edu
uname -m = x86_64
uname -r = 2.6.32-696.10.3.el6.x86_64
uname -s = Linux
uname -v = #1 SMP Thu Sep 21 12:12:50 EDT 2017

/usr/bin/uname -p = unknown
/bin/uname -X     = unknown

/bin/arch              = x86_64
/usr/bin/arch -k       = unknown
/usr/convex/getsysinfo = unknown
/usr/bin/hostinfo      = unknown
/bin/machine           = unknown
/usr/bin/oslevel       = unknown
/bin/universe          = unknown

PATH: /homes/csl782/AUTOCONF/2.69/bin
PATH: /homes/csl782/MPICH/3.3.1/bin
PATH: /homes/csl782/HDF5/1.10.5/bin
PATH: /homes/csl782/TAU/2.29/x86_64/bin
PATH: /homes/csl782/DARSHAN/3.1.8/bin
PATH: /usr/local/sbin
PATH: /usr/local/bin
PATH: /usr/sbin
PATH: /usr/bin
PATH: /sbin
PATH: /bin


## ----------- ##
## Core tests. ##
## ----------- ##

configure:2168: checking for a BSD-compatible install
configure:2236: result: /usr/bin/install -c
configure:2296: checking for gcc
configure:2312: found /usr/bin/gcc
configure:2323: result: gcc
configure:2552: checking for C compiler version
configure:2561: gcc --version >&5
gcc (GCC) 4.4.7 20120313 (Red Hat 4.4.7-23)
Copyright (C) 2010 Free Software Foundation, Inc.
This is free software; see the source for copying conditions.  There is NO
warranty; not even for MERCHANTABILITY or FITNESS FOR A PARTICULAR PURPOSE.

configure:2572: $? = 0
configure:2561: gcc -v >&5
Using built-in specs.
Target: x86_64-redhat-linux
Configured with: ../configure --prefix=/usr --mandir=/usr/share/man --infodir=/usr/share/info --with-bugurl=http://bugzilla.redhat.com/bugzilla --enable-bootstrap --enable-shared --enable-threads=posix --enable-checking=release --with-system-zlib --enable-__cxa_atexit --disable-libunwind-exceptions --enable-gnu-unique-object --enable-languages=c,c++,objc,obj-c++,java,fortran,ada --enable-java-awt=gtk --disable-dssi --with-java-home=/usr/lib/jvm/java-1.5.0-gcj-1.5.0.0/jre --enable-libgcj-multifile --enable-java-maintainer-mode --with-ecj-jar=/usr/share/java/eclipse-ecj.jar --disable-libjava-multilib --with-ppl --with-cloog --with-tune=generic --with-arch_32=i686 --build=x86_64-redhat-linux
Thread model: posix
gcc version 4.4.7 20120313 (Red Hat 4.4.7-23) (GCC) 
configure:2572: $? = 0
configure:2561: gcc -V >&5
gcc: '-V' option must have argument
configure:2572: $? = 1
configure:2561: gcc -qversion >&5
gcc: unrecognized option '-qversion'
gcc: no input files
configure:2572: $? = 1
configure:2592: checking whether the C compiler works
configure:2614: gcc    conftest.c  >&5
configure:2618: $? = 0
configure:2666: result: yes
configure:2669: checking for C compiler default output file name
configure:2671: result: a.out
configure:2677: checking for suffix of executables
configure:2684: gcc -o conftest    conftest.c  >&5
configure:2688: $? = 0
configure:2710: result: 
configure:2732: checking whether we are cross compiling
configure:2740: gcc -o conftest    conftest.c  >&5
configure:2744: $? = 0
configure:2751: ./conftest
configure:2755: $? = 0
configure:2770: result: no
configure:2775: checking for suffix of object files
configure:2797: gcc -c   conftest.c >&5
configure:2801: $? = 0
configure:2822: result: o
configure:2826: checking whether we are using the GNU C compiler
configure:2845: gcc -c   conftest.c >&5
configure:2845: $? = 0
configure:2854: result: yes
configure:2863: checking whether gcc accepts -g
configure:2883: gcc -c -g  conftest.c >&5
configure:2883: $? = 0
configure:2924: result: yes
configure:2941: checking for gcc option to accept ISO C89
configure:3004: gcc  -c -g -O2  conftest.c >&5
configure:3004: $? = 0
configure:3017: result: none needed
configure:3043: checking how to run the C preprocessor
configure:3074: gcc -E  conftest.c
configure:3074: $? = 0
configure:3088: gcc -E  conftest.c
conftest.c:9:28: error: ac_nonexistent.h: No such file or directory
configure:3088: $? = 1
configure: failed program was:
| /* confdefs.h */
| #define PACKAGE_NAME "darshan-util"
| #define PACKAGE_TARNAME "darshan-util"
| #define PACKAGE_VERSION "3.1.8"
| #define PACKAGE_STRING "darshan-util 3.1.8"
| #define PACKAGE_BUGREPORT ""
| #define PACKAGE_URL ""
| /* end confdefs.h.  */
| #include <ac_nonexistent.h>
configure:3113: result: gcc -E
configure:3133: gcc -E  conftest.c
configure:3133: $? = 0
configure:3147: gcc -E  conftest.c
conftest.c:9:28: error: ac_nonexistent.h: No such file or directory
configure:3147: $? = 1
configure: failed program was:
| /* confdefs.h */
| #define PACKAGE_NAME "darshan-util"
| #define PACKAGE_TARNAME "darshan-util"
| #define PACKAGE_VERSION "3.1.8"
| #define PACKAGE_STRING "darshan-util 3.1.8"
| #define PACKAGE_BUGREPORT ""
| #define PACKAGE_URL ""
| /* end confdefs.h.  */
| #include <ac_nonexistent.h>
configure:3176: checking for grep that handles long lines and -e
configure:3234: result: /bin/grep
configure:3239: checking for egrep
configure:3301: result: /bin/grep -E
configure:3306: checking for ANSI C header files
configure:3326: gcc -c -g -O2  conftest.c >&5
configure:3326: $? = 0
configure:3399: gcc -o conftest -g -O2   conftest.c  >&5
configure:3399: $? = 0
configure:3399: ./conftest
configure:3399: $? = 0
configure:3410: result: yes
configure:3423: checking for sys/types.h
configure:3423: gcc -c -g -O2  conftest.c >&5
configure:3423: $? = 0
configure:3423: result: yes
configure:3423: checking for sys/stat.h
configure:3423: gcc -c -g -O2  conftest.c >&5
configure:3423: $? = 0
configure:3423: result: yes
configure:3423: checking for stdlib.h
configure:3423: gcc -c -g -O2  conftest.c >&5
configure:3423: $? = 0
configure:3423: result: yes
configure:3423: checking for string.h
configure:3423: gcc -c -g -O2  conftest.c >&5
configure:3423: $? = 0
configure:3423: result: yes
configure:3423: checking for memory.h
configure:3423: gcc -c -g -O2  conftest.c >&5
configure:3423: $? = 0
configure:3423: result: yes
configure:3423: checking for strings.h
configure:3423: gcc -c -g -O2  conftest.c >&5
configure:3423: $? = 0
configure:3423: result: yes
configure:3423: checking for inttypes.h
configure:3423: gcc -c -g -O2  conftest.c >&5
configure:3423: $? = 0
configure:3423: result: yes
configure:3423: checking for stdint.h
configure:3423: gcc -c -g -O2  conftest.c >&5
configure:3423: $? = 0
configure:3423: result: yes
configure:3423: checking for unistd.h
configure:3423: gcc -c -g -O2  conftest.c >&5
configure:3423: $? = 0
configure:3423: result: yes
configure:3458: checking zlib.h usability
configure:3458: gcc -c -g -O2  conftest.c >&5
configure:3458: $? = 0
configure:3458: result: yes
configure:3458: checking zlib.h presence
configure:3458: gcc -E  conftest.c
configure:3458: $? = 0
configure:3458: result: yes
configure:3458: checking for zlib.h
configure:3458: result: yes
configure:3466: checking for inflateEnd in -lz
configure:3491: gcc -o conftest -g -O2   conftest.c -lz   >&5
configure:3491: $? = 0
configure:3500: result: yes
configure:3518: checking if bzlib is wanted
configure:3550: result: yes
configure:3563: checking for BZ2_bzCompressInit in -lbz2
configure:3588: gcc -o conftest -g -O2  -I/usr/include  -L/usr/lib conftest.c -lbz2  -lz  >&5
/usr/bin/ld: cannot find -lbz2
collect2: ld returned 1 exit status
configure:3588: $? = 1
configure: failed program was:
| /* confdefs.h */
| #define PACKAGE_NAME "darshan-util"
| #define PACKAGE_TARNAME "darshan-util"
| #define PACKAGE_VERSION "3.1.8"
| #define PACKAGE_STRING "darshan-util 3.1.8"
| #define PACKAGE_BUGREPORT ""
| #define PACKAGE_URL ""
| #define STDC_HEADERS 1
| #define HAVE_SYS_TYPES_H 1
| #define HAVE_SYS_STAT_H 1
| #define HAVE_STDLIB_H 1
| #define HAVE_STRING_H 1
| #define HAVE_MEMORY_H 1
| #define HAVE_STRINGS_H 1
| #define HAVE_INTTYPES_H 1
| #define HAVE_STDINT_H 1
| #define HAVE_UNISTD_H 1
| #define HAVE_LIBZ 1
| /* end confdefs.h.  */
| 
| /* Override any GCC internal prototype to avoid an error.
|    Use char because int might match the return type of a GCC
|    builtin and then its argument prototype would still apply.  */
| #ifdef __cplusplus
| extern "C"
| #endif
| char BZ2_bzCompressInit ();
| int
| main ()
| {
| return BZ2_bzCompressInit ();
|   ;
|   return 0;
| }
configure:3597: result: no
configure:3605: checking bzlib.h usability
configure:3605: gcc -c -g -O2  -I/usr/include conftest.c >&5
conftest.c:53:19: error: bzlib.h: No such file or directory
configure:3605: $? = 1
configure: failed program was:
| /* confdefs.h */
| #define PACKAGE_NAME "darshan-util"
| #define PACKAGE_TARNAME "darshan-util"
| #define PACKAGE_VERSION "3.1.8"
| #define PACKAGE_STRING "darshan-util 3.1.8"
| #define PACKAGE_BUGREPORT ""
| #define PACKAGE_URL ""
| #define STDC_HEADERS 1
| #define HAVE_SYS_TYPES_H 1
| #define HAVE_SYS_STAT_H 1
| #define HAVE_STDLIB_H 1
| #define HAVE_STRING_H 1
| #define HAVE_MEMORY_H 1
| #define HAVE_STRINGS_H 1
| #define HAVE_INTTYPES_H 1
| #define HAVE_STDINT_H 1
| #define HAVE_UNISTD_H 1
| #define HAVE_LIBZ 1
| /* end confdefs.h.  */
| #include <stdio.h>
| #ifdef HAVE_SYS_TYPES_H
| # include <sys/types.h>
| #endif
| #ifdef HAVE_SYS_STAT_H
| # include <sys/stat.h>
| #endif
| #ifdef STDC_HEADERS
| # include <stdlib.h>
| # include <stddef.h>
| #else
| # ifdef HAVE_STDLIB_H
| #  include <stdlib.h>
| # endif
| #endif
| #ifdef HAVE_STRING_H
| # if !defined STDC_HEADERS && defined HAVE_MEMORY_H
| #  include <memory.h>
| # endif
| # include <string.h>
| #endif
| #ifdef HAVE_STRINGS_H
| # include <strings.h>
| #endif
| #ifdef HAVE_INTTYPES_H
| # include <inttypes.h>
| #endif
| #ifdef HAVE_STDINT_H
| # include <stdint.h>
| #endif
| #ifdef HAVE_UNISTD_H
| # include <unistd.h>
| #endif
| #include <bzlib.h>
configure:3605: result: no
configure:3605: checking bzlib.h presence
configure:3605: gcc -E  -I/usr/include conftest.c
conftest.c:20:19: error: bzlib.h: No such file or directory
configure:3605: $? = 1
configure: failed program was:
| /* confdefs.h */
| #define PACKAGE_NAME "darshan-util"
| #define PACKAGE_TARNAME "darshan-util"
| #define PACKAGE_VERSION "3.1.8"
| #define PACKAGE_STRING "darshan-util 3.1.8"
| #define PACKAGE_BUGREPORT ""
| #define PACKAGE_URL ""
| #define STDC_HEADERS 1
| #define HAVE_SYS_TYPES_H 1
| #define HAVE_SYS_STAT_H 1
| #define HAVE_STDLIB_H 1
| #define HAVE_STRING_H 1
| #define HAVE_MEMORY_H 1
| #define HAVE_STRINGS_H 1
| #define HAVE_INTTYPES_H 1
| #define HAVE_STDINT_H 1
| #define HAVE_UNISTD_H 1
| #define HAVE_LIBZ 1
| /* end confdefs.h.  */
| #include <bzlib.h>
configure:3605: result: no
configure:3605: checking for bzlib.h
configure:3605: result: no
configure:3679: checking bzlib in /usr
configure:3683: result: failed
configure:3689: WARNING: libbz2 not found; Darshan utilities will use gzip only.
configure:3700: checking for inttypes.h
configure:3700: result: yes
configure:3711: checking whether the inttypes.h PRIxNN macros are broken
configure:3732: gcc -c -g -O2  conftest.c >&5
configure:3732: $? = 0
configure:3740: result: no
configure:3760: checking for inttypes.h
configure:3760: result: yes
configure:3776: checking for pdflatex
configure:3792: found /usr/bin/pdflatex
configure:3804: result: yes
configure:3814: checking for -halt-on-error argument to pdflatex
configure:3818: result: yes
configure:3828: checking whether byte ordering is bigendian
configure:3843: gcc -c -g -O2  conftest.c >&5
conftest.c:23: error: expected '=', ',', ';', 'asm' or '__attribute__' before 'a'
configure:3843: $? = 1
configure: failed program was:
| /* confdefs.h */
| #define PACKAGE_NAME "darshan-util"
| #define PACKAGE_TARNAME "darshan-util"
| #define PACKAGE_VERSION "3.1.8"
| #define PACKAGE_STRING "darshan-util 3.1.8"
| #define PACKAGE_BUGREPORT ""
| #define PACKAGE_URL ""
| #define STDC_HEADERS 1
| #define HAVE_SYS_TYPES_H 1
| #define HAVE_SYS_STAT_H 1
| #define HAVE_STDLIB_H 1
| #define HAVE_STRING_H 1
| #define HAVE_MEMORY_H 1
| #define HAVE_STRINGS_H 1
| #define HAVE_INTTYPES_H 1
| #define HAVE_STDINT_H 1
| #define HAVE_UNISTD_H 1
| #define HAVE_LIBZ 1
| #define HAVE_INTTYPES_H 1
| #define HAVE_INTTYPES_H 1
| /* end confdefs.h.  */
| #ifndef __APPLE_CC__
| 	       not a universal capable compiler
| 	     #endif
| 	     typedef int dummy;
| 
configure:3888: gcc -c -g -O2  conftest.c >&5
configure:3888: $? = 0
configure:3906: gcc -c -g -O2  conftest.c >&5
conftest.c: In function 'main':
conftest.c:29: error: 'not' undeclared (first use in this function)
conftest.c:29: error: (Each undeclared identifier is reported only once
conftest.c:29: error: for each function it appears in.)
conftest.c:29: error: expected ';' before 'big'
configure:3906: $? = 1
configure: failed program was:
| /* confdefs.h */
| #define PACKAGE_NAME "darshan-util"
| #define PACKAGE_TARNAME "darshan-util"
| #define PACKAGE_VERSION "3.1.8"
| #define PACKAGE_STRING "darshan-util 3.1.8"
| #define PACKAGE_BUGREPORT ""
| #define PACKAGE_URL ""
| #define STDC_HEADERS 1
| #define HAVE_SYS_TYPES_H 1
| #define HAVE_SYS_STAT_H 1
| #define HAVE_STDLIB_H 1
| #define HAVE_STRING_H 1
| #define HAVE_MEMORY_H 1
| #define HAVE_STRINGS_H 1
| #define HAVE_INTTYPES_H 1
| #define HAVE_STDINT_H 1
| #define HAVE_UNISTD_H 1
| #define HAVE_LIBZ 1
| #define HAVE_INTTYPES_H 1
| #define HAVE_INTTYPES_H 1
| /* end confdefs.h.  */
| #include <sys/types.h>
| 		#include <sys/param.h>
| 
| int
| main ()
| {
| #if BYTE_ORDER != BIG_ENDIAN
| 		 not big endian
| 		#endif
| 
|   ;
|   return 0;
| }
configure:4034: result: no
configure:4055: checking for off64_t
configure:4084: gcc -c -g -O2 -D_FILE_OFFSET_BITS=64 -D_LARGEFILE64_SOURCE  conftest.c >&5
configure:4084: $? = 0
configure:4085: result: yes
configure:4110: checking for strndup
configure:4110: gcc -o conftest -g -O2   conftest.c -lz  >&5
conftest.c:46: warning: conflicting types for built-in function 'strndup'
configure:4110: $? = 0
configure:4110: result: yes
configure:4244: creating ./config.status

## ---------------------- ##
## Running config.status. ##
## ---------------------- ##

This file was extended by darshan-util config.status 3.1.8, which was
generated by GNU Autoconf 2.69.  Invocation command line was

  CONFIG_FILES    = 
  CONFIG_HEADERS  = 
  CONFIG_LINKS    = 
  CONFIG_COMMANDS = 
  $ ./config.status 

on acfs2.ece.northwestern.edu

config.status:817: creating Makefile
config.status:817: creating darshan-job-summary/bin/darshan-job-summary.pl
config.status:817: creating maint/darshan-util.pc
config.status:817: creating darshan-util-config.h

## ---------------- ##
## Cache variables. ##
## ---------------- ##

ac_cv_c_bigendian=no
ac_cv_c_compiler_gnu=yes
ac_cv_env_CC_set=
ac_cv_env_CC_value=
ac_cv_env_CFLAGS_set=
ac_cv_env_CFLAGS_value=
ac_cv_env_CPPFLAGS_set=
ac_cv_env_CPPFLAGS_value=
ac_cv_env_CPP_set=
ac_cv_env_CPP_value=
ac_cv_env_LDFLAGS_set=
ac_cv_env_LDFLAGS_value=
ac_cv_env_LIBS_set=
ac_cv_env_LIBS_value=
ac_cv_env_build_alias_set=
ac_cv_env_build_alias_value=
ac_cv_env_host_alias_set=
ac_cv_env_host_alias_value=
ac_cv_env_target_alias_set=
ac_cv_env_target_alias_value=
ac_cv_func_strndup=yes
ac_cv_header_bzlib_h=no
ac_cv_header_inttypes_h=yes
ac_cv_header_memory_h=yes
ac_cv_header_stdc=yes
ac_cv_header_stdint_h=yes
ac_cv_header_stdlib_h=yes
ac_cv_header_string_h=yes
ac_cv_header_strings_h=yes
ac_cv_header_sys_stat_h=yes
ac_cv_header_sys_types_h=yes
ac_cv_header_unistd_h=yes
ac_cv_header_zlib_h=yes
ac_cv_lib_bz2_BZ2_bzCompressInit=no
ac_cv_lib_z_inflateEnd=yes
ac_cv_objext=o
ac_cv_path_EGREP='/bin/grep -E'
ac_cv_path_GREP=/bin/grep
ac_cv_path_install='/usr/bin/install -c'
ac_cv_prog_CPP='gcc -E'
ac_cv_prog_HAVE_PDFLATEX=yes
ac_cv_prog_ac_ct_CC=gcc
ac_cv_prog_cc_c89=
ac_cv_prog_cc_g=yes
bzlib_cv_bzlib_h=no
bzlib_cv_libbz2=no
gt_cv_inttypes_pri_broken=no

## ----------------- ##
## Output variables. ##
## ----------------- ##

CC='gcc'
CFLAGS='-g -O2'
CPP='gcc -E'
CPPFLAGS=''
DARSHAN_ENABLE_SHARED='0'
DARSHAN_UTIL_VERSION='3.1.8'
DEFS='-DHAVE_CONFIG_H'
ECHO_C=''
ECHO_N='-n'
ECHO_T=''
EGREP='/bin/grep -E'
EXEEXT=''
GREP='/bin/grep'
HAVE_PDFLATEX='yes'
INSTALL_DATA='${INSTALL} -m 644'
INSTALL_PROGRAM='${INSTALL}'
INSTALL_SCRIPT='${INSTALL}'
LDFLAGS=''
LIBBZ2=''
LIBOBJS=''
LIBS='-lz '
LTLIBOBJS=''
OBJEXT='o'
PACKAGE_BUGREPORT=''
PACKAGE_NAME='darshan-util'
PACKAGE_STRING='darshan-util 3.1.8'
PACKAGE_TARNAME='darshan-util'
PACKAGE_URL=''
PACKAGE_VERSION='3.1.8'
PATH_SEPARATOR=':'
PRI_MACROS_BROKEN='0'
SHELL='/bin/sh'
__DARSHAN_PDFLATEX_HALT_ON_ERROR='-halt-on-error'
__DARSHAN_ZLIB_INCLUDE_FLAGS=''
__DARSHAN_ZLIB_LINK_FLAGS=''
ac_ct_CC='gcc'
bindir='${exec_prefix}/bin'
build_alias=''
datadir='${datarootdir}'
datarootdir='${prefix}/share'
docdir='${datarootdir}/doc/${PACKAGE_TARNAME}'
dvidir='${docdir}'
exec_prefix='${prefix}'
host_alias=''
htmldir='${docdir}'
includedir='${prefix}/include'
infodir='${datarootdir}/info'
libdir='${exec_prefix}/lib'
libexecdir='${exec_prefix}/libexec'
localedir='${datarootdir}/locale'
localstatedir='${prefix}/var'
mandir='${datarootdir}/man'
oldincludedir='/usr/include'
pdfdir='${docdir}'
prefix='/usr/local'
program_transform_name='s,x,x,'
psdir='${docdir}'
runstatedir='${localstatedir}/run'
sbindir='${exec_prefix}/sbin'
sharedstatedir='${prefix}/com'
sysconfdir='${prefix}/etc'
target_alias=''

## ----------- ##
## confdefs.h. ##
## ----------- ##

/* confdefs.h */
#define PACKAGE_NAME "darshan-util"
#define PACKAGE_TARNAME "darshan-util"
#define PACKAGE_VERSION "3.1.8"
#define PACKAGE_STRING "darshan-util 3.1.8"
#define PACKAGE_BUGREPORT ""
#define PACKAGE_URL ""
#define STDC_HEADERS 1
#define HAVE_SYS_TYPES_H 1
#define HAVE_SYS_STAT_H 1
#define HAVE_STDLIB_H 1
#define HAVE_STRING_H 1
#define HAVE_MEMORY_H 1
#define HAVE_STRINGS_H 1
#define HAVE_INTTYPES_H 1
#define HAVE_STDINT_H 1
#define HAVE_UNISTD_H 1
#define HAVE_LIBZ 1
#define HAVE_INTTYPES_H 1
#define HAVE_INTTYPES_H 1
#define HAVE_OFF64_T 1
#define HAVE_STRNDUP 1

configure: exit 0
